<?xml version="1.0" encoding="UTF-8"?>
<!-- Generated by org.testng.reporters.JUnitReportReporter -->
<testsuite hostname="Cloudtech41" name="com.CL.scripts.Carelynxmeb" tests="1" failures="0" timestamp="4 Jan 2022 16:24:48 GMT" time="217.656" errors="0">
  <testcase name="testcarelynxmeb" time="217.656" classname="com.CL.scripts.Carelynxmeb"/>
</testsuite> <!-- com.CL.scripts.Carelynxmeb -->
