<?xml version="1.0" encoding="UTF-8"?>
<!-- Generated by org.testng.reporters.JUnitReportReporter -->
<testsuite hostname="Cloudtech41" name="com.CL.scripts.ReactivateMember" tests="1" failures="0" timestamp="22 Apr 2022 12:53:31 GMT" time="72.673" errors="0">
  <testcase name="testActivateMeb" time="72.673" classname="com.CL.scripts.ReactivateMember"/>
</testsuite> <!-- com.CL.scripts.ReactivateMember -->
