<?xml version="1.0" encoding="UTF-8"?>
<!-- Generated by org.testng.reporters.JUnitReportReporter -->
<testsuite hostname="Cloudtech41" name="com.CL.scripts.CancelMember" tests="1" failures="0" timestamp="22 Apr 2022 17:00:28 GMT" time="6.287" errors="0">
  <testcase name="testMmbercancel" time="6.287" classname="com.CL.scripts.CancelMember"/>
</testsuite> <!-- com.CL.scripts.CancelMember -->
